[debug] [2022-05-08T19:49:06.042Z] ----------------------------------------------------------------------
[debug] [2022-05-08T19:49:06.044Z] Command:       C:\Program Files\nodejs\node.exe C:\Users\wendy\AppData\Roaming\npm\node_modules\firebase-tools\lib\bin\firebase.js init
[debug] [2022-05-08T19:49:06.044Z] CLI Version:   10.8.0
[debug] [2022-05-08T19:49:06.045Z] Platform:      win32
[debug] [2022-05-08T19:49:06.045Z] Node Version:  v16.14.0
[debug] [2022-05-08T19:49:06.046Z] Time:          Sun May 08 2022 14:49:06 GMT-0500 (hora de verano central)
[debug] [2022-05-08T19:49:06.046Z] ----------------------------------------------------------------------
[debug] 
[debug] [2022-05-08T19:49:06.106Z] > command requires scopes: ["email","openid","https://www.googleapis.com/auth/cloudplatformprojects.readonly","https://www.googleapis.com/auth/firebase","https://www.googleapis.com/auth/cloud-platform"]
[debug] [2022-05-08T19:49:06.106Z] > authorizing via signed-in user (wendy.lopez4077@alumnos.udg.mx)
[info] 
     ######## #### ########  ######## ########     ###     ######  ########
     ##        ##  ##     ## ##       ##     ##  ##   ##  ##       ##
     ######    ##  ########  ######   ########  #########  ######  ######
     ##        ##  ##    ##  ##       ##     ## ##     ##       ## ##
     ##       #### ##     ## ######## ########  ##     ##  ######  ########

You're about to initialize a Firebase project in this directory:

  C:\xampp\htdocs\gym-routine

Before we get started, keep in mind:

  * You are currently outside your home directory
  * You are initializing within an existing Firebase project directory

